2025-05-23 07:31:37.154 [main] INFO  a.o.h.s.ServicioEmpleadoApplicationTests - Starting ServicioEmpleadoApplicationTests using Java 17.0.2 with PID 66528 (started by msami in D:\Proyectos\HospitalCuencaAlta\Final\repositorio\rrhh\servicio-empleado)
2025-05-23 07:31:37.158 [main] INFO  a.o.h.s.ServicioEmpleadoApplicationTests - No active profile set, falling back to 1 default profile: "default"
2025-05-23 07:31:38.115 [main] INFO  o.s.d.r.c.RepositoryConfigurationDelegate - Bootstrapping Spring Data JPA repositories in DEFAULT mode.
2025-05-23 07:31:38.247 [main] INFO  o.s.d.r.c.RepositoryConfigurationDelegate - Finished Spring Data repository scanning in 122 ms. Found 3 JPA repository interfaces.
2025-05-23 07:31:38.511 [main] INFO  o.s.cloud.context.scope.GenericScope - BeanFactory id=76314778-500d-363b-b9f3-ed3232c71428
2025-05-23 07:31:39.125 [main] INFO  com.zaxxer.hikari.HikariDataSource - HikariPool-1 - Starting...
2025-05-23 07:31:39.226 [main] INFO  com.zaxxer.hikari.pool.HikariPool - HikariPool-1 - Added connection org.mariadb.jdbc.Connection@70ecf57b
2025-05-23 07:31:39.228 [main] INFO  com.zaxxer.hikari.HikariDataSource - HikariPool-1 - Start completed.
2025-05-23 07:31:39.827 [main] INFO  liquibase.changelog - Reading from empleado.databasechangelog
2025-05-23 07:31:39.905 [main] INFO  liquibase.ui - Database is up to date, no changesets to execute
2025-05-23 07:31:39.907 [main] INFO  liquibase.changelog - Reading from empleado.databasechangelog
2025-05-23 07:31:39.919 [main] INFO  liquibase.util - UPDATE SUMMARY
2025-05-23 07:31:39.919 [main] INFO  liquibase.util - Run:                          0
2025-05-23 07:31:39.919 [main] INFO  liquibase.util - Previously run:               2
2025-05-23 07:31:39.919 [main] INFO  liquibase.util - Filtered out:                 0
2025-05-23 07:31:39.920 [main] INFO  liquibase.util - -------------------------------
2025-05-23 07:31:39.920 [main] INFO  liquibase.util - Total change sets:            2
2025-05-23 07:31:39.920 [main] INFO  liquibase.util - Update summary generated
2025-05-23 07:31:39.921 [main] INFO  liquibase.command - Command execution complete
2025-05-23 07:31:40.722 [main] INFO  o.h.jpa.internal.util.LogHelper - HHH000204: Processing PersistenceUnitInfo [name: default]
2025-05-23 07:31:40.800 [main] INFO  org.hibernate.Version - HHH000412: Hibernate ORM core version 6.6.13.Final
2025-05-23 07:31:40.835 [main] INFO  o.h.c.i.RegionFactoryInitiator - HHH000026: Second-level cache disabled
2025-05-23 07:31:41.098 [main] INFO  o.s.o.j.p.SpringPersistenceUnitInfo - No LoadTimeWeaver setup: ignoring JPA class transformer
2025-05-23 07:31:41.160 [main] INFO  o.hibernate.orm.connections.pooling - HHH10001005: Database info:
	Database JDBC URL [Connecting through datasource 'HikariDataSource (HikariPool-1)']
	Database driver: undefined/unknown
	Database version: 10.5.28
	Autocommit mode: undefined/unknown
	Isolation level: undefined/unknown
	Minimum pool size: undefined/unknown
	Maximum pool size: undefined/unknown
2025-05-23 07:31:41.862 [main] INFO  o.h.e.t.j.p.i.JtaPlatformInitiator - HHH000489: No JTA platform available (set 'hibernate.transaction.jta.platform' to enable JTA platform integration)
2025-05-23 07:31:41.907 [main] INFO  o.s.o.j.LocalContainerEntityManagerFactoryBean - Initialized JPA EntityManagerFactory for persistence unit 'default'
2025-05-23 07:31:42.917 [main] WARN  o.s.b.a.o.j.JpaBaseConfiguration$JpaWebConfiguration - spring.jpa.open-in-view is enabled by default. Therefore, database queries may be performed during view rendering. Explicitly configure spring.jpa.open-in-view to disable this warning
2025-05-23 07:31:44.953 [main] INFO  o.s.c.n.e.c.DiscoveryClientOptionalArgsConfiguration - Eureka HTTP Client uses RestTemplate.
2025-05-23 07:31:45.018 [main] WARN  o.s.c.l.c.LoadBalancerCacheAutoConfiguration$LoadBalancerCaffeineWarnLogger - Spring Cloud LoadBalancer is currently working with the default cache. While this cache implementation is useful for development and tests, it's recommended to use Caffeine cache in production.You can switch to using Caffeine cache, by adding it and org.springframework.cache.caffeine.CaffeineCacheManager to the classpath.
2025-05-23 07:31:45.030 [main] INFO  o.s.b.a.e.web.EndpointLinksResolver - Exposing 1 endpoint beneath base path '/actuator'
2025-05-23 07:31:45.124 [main] INFO  o.s.c.n.eureka.InstanceInfoFactory - Setting initial instance status as: STARTING
2025-05-23 07:31:45.147 [main] INFO  c.netflix.discovery.DiscoveryClient - Initializing Eureka in region us-east-1
2025-05-23 07:31:45.152 [main] INFO  c.n.d.s.r.aws.ConfigClusterResolver - Resolving eureka endpoints via configuration
2025-05-23 07:31:45.163 [main] INFO  c.netflix.discovery.DiscoveryClient - Disable delta property : false
2025-05-23 07:31:45.164 [main] INFO  c.netflix.discovery.DiscoveryClient - Single vip registry refresh property : null
2025-05-23 07:31:45.164 [main] INFO  c.netflix.discovery.DiscoveryClient - Force full registry fetch : false
2025-05-23 07:31:45.164 [main] INFO  c.netflix.discovery.DiscoveryClient - Application is null : false
2025-05-23 07:31:45.164 [main] INFO  c.netflix.discovery.DiscoveryClient - Registered Applications size is zero : true
2025-05-23 07:31:45.164 [main] INFO  c.netflix.discovery.DiscoveryClient - Application version is -1: true
2025-05-23 07:31:45.164 [main] INFO  c.netflix.discovery.DiscoveryClient - Getting all instance registry info from the eureka server
2025-05-23 07:31:45.435 [main] INFO  c.netflix.discovery.DiscoveryClient - The response status is 200
2025-05-23 07:31:45.436 [main] INFO  c.netflix.discovery.DiscoveryClient - Starting heartbeat executor: renew interval is: 30
2025-05-23 07:31:45.438 [main] INFO  c.n.discovery.InstanceInfoReplicator - InstanceInfoReplicator onDemand update allowed rate per min is 4
2025-05-23 07:31:45.441 [main] INFO  c.netflix.discovery.DiscoveryClient - Discovery Client initialized at timestamp 1747996305440 with initial instances count: 0
2025-05-23 07:31:45.446 [main] INFO  o.s.c.n.e.s.EurekaServiceRegistry - Registering application SERVICIO-EMPLEADO with eureka with status UP
2025-05-23 07:31:45.447 [main] INFO  c.netflix.discovery.DiscoveryClient - Saw local status change event StatusChangeEvent [timestamp=1747996305447, current=UP, previous=STARTING]
2025-05-23 07:31:45.448 [DiscoveryClient-InstanceInfoReplicator-%d] INFO  c.netflix.discovery.DiscoveryClient - DiscoveryClient_SERVICIO-EMPLEADO/servicio-empleado:4ec5ef0760b1ce6de52611576fb66766: registering service...
2025-05-23 07:31:45.463 [main] INFO  a.o.h.s.ServicioEmpleadoApplicationTests - Started ServicioEmpleadoApplicationTests in 8.763 seconds (process running for 9.764)
2025-05-23 07:31:45.495 [DiscoveryClient-InstanceInfoReplicator-%d] INFO  c.netflix.discovery.DiscoveryClient - DiscoveryClient_SERVICIO-EMPLEADO/servicio-empleado:4ec5ef0760b1ce6de52611576fb66766 - registration status: 204
2025-05-23 07:31:45.951 [SpringApplicationShutdownHook] INFO  o.s.c.n.e.s.EurekaServiceRegistry - Unregistering application SERVICIO-EMPLEADO with eureka with status DOWN
2025-05-23 07:31:45.951 [SpringApplicationShutdownHook] INFO  c.netflix.discovery.DiscoveryClient - Saw local status change event StatusChangeEvent [timestamp=1747996305951, current=DOWN, previous=UP]
2025-05-23 07:31:45.951 [DiscoveryClient-InstanceInfoReplicator-%d] INFO  c.netflix.discovery.DiscoveryClient - DiscoveryClient_SERVICIO-EMPLEADO/servicio-empleado:4ec5ef0760b1ce6de52611576fb66766: registering service...
2025-05-23 07:31:45.957 [SpringApplicationShutdownHook] INFO  o.s.o.j.LocalContainerEntityManagerFactoryBean - Closing JPA EntityManagerFactory for persistence unit 'default'
2025-05-23 07:31:45.957 [DiscoveryClient-InstanceInfoReplicator-%d] INFO  c.netflix.discovery.DiscoveryClient - DiscoveryClient_SERVICIO-EMPLEADO/servicio-empleado:4ec5ef0760b1ce6de52611576fb66766 - registration status: 204
2025-05-23 07:31:45.960 [SpringApplicationShutdownHook] INFO  com.zaxxer.hikari.HikariDataSource - HikariPool-1 - Shutdown initiated...
2025-05-23 07:31:45.963 [SpringApplicationShutdownHook] INFO  com.zaxxer.hikari.HikariDataSource - HikariPool-1 - Shutdown completed.
2025-05-23 07:31:45.964 [SpringApplicationShutdownHook] INFO  c.netflix.discovery.DiscoveryClient - Shutting down DiscoveryClient ...
2025-05-23 07:31:48.977 [SpringApplicationShutdownHook] INFO  c.netflix.discovery.DiscoveryClient - Unregistering ...
2025-05-23 07:31:48.984 [SpringApplicationShutdownHook] INFO  c.netflix.discovery.DiscoveryClient - DiscoveryClient_SERVICIO-EMPLEADO/servicio-empleado:4ec5ef0760b1ce6de52611576fb66766 - deregister  status: 200
2025-05-23 07:31:48.984 [SpringApplicationShutdownHook] INFO  c.netflix.discovery.DiscoveryClient - Completed shut down of DiscoveryClient
2025-05-23 07:46:19.775 [main] INFO  a.o.h.s.ServicioEmpleadoApplicationTests - Starting ServicioEmpleadoApplicationTests using Java 17.0.2 with PID 81736 (started by msami in D:\Proyectos\HospitalCuencaAlta\Final\repositorio\rrhh\servicio-empleado)
2025-05-23 07:46:19.776 [main] INFO  a.o.h.s.ServicioEmpleadoApplicationTests - No active profile set, falling back to 1 default profile: "default"
2025-05-23 07:46:20.792 [main] INFO  o.s.d.r.c.RepositoryConfigurationDelegate - Bootstrapping Spring Data JPA repositories in DEFAULT mode.
2025-05-23 07:46:20.931 [main] INFO  o.s.d.r.c.RepositoryConfigurationDelegate - Finished Spring Data repository scanning in 131 ms. Found 3 JPA repository interfaces.
2025-05-23 07:46:21.180 [main] INFO  o.s.cloud.context.scope.GenericScope - BeanFactory id=76314778-500d-363b-b9f3-ed3232c71428
2025-05-23 07:46:21.797 [main] INFO  com.zaxxer.hikari.HikariDataSource - HikariPool-1 - Starting...
2025-05-23 07:46:21.917 [main] INFO  com.zaxxer.hikari.pool.HikariPool - HikariPool-1 - Added connection org.mariadb.jdbc.Connection@3a80c534
2025-05-23 07:46:21.919 [main] INFO  com.zaxxer.hikari.HikariDataSource - HikariPool-1 - Start completed.
2025-05-23 07:46:22.527 [main] INFO  liquibase.changelog - Reading from empleado.databasechangelog
2025-05-23 07:46:22.611 [main] INFO  liquibase.ui - Database is up to date, no changesets to execute
2025-05-23 07:46:22.613 [main] INFO  liquibase.changelog - Reading from empleado.databasechangelog
2025-05-23 07:46:22.623 [main] INFO  liquibase.util - UPDATE SUMMARY
2025-05-23 07:46:22.624 [main] INFO  liquibase.util - Run:                          0
2025-05-23 07:46:22.624 [main] INFO  liquibase.util - Previously run:               2
2025-05-23 07:46:22.624 [main] INFO  liquibase.util - Filtered out:                 0
2025-05-23 07:46:22.624 [main] INFO  liquibase.util - -------------------------------
2025-05-23 07:46:22.624 [main] INFO  liquibase.util - Total change sets:            2
2025-05-23 07:46:22.625 [main] INFO  liquibase.util - Update summary generated
2025-05-23 07:46:22.625 [main] INFO  liquibase.command - Command execution complete
2025-05-23 07:46:23.471 [main] INFO  o.h.jpa.internal.util.LogHelper - HHH000204: Processing PersistenceUnitInfo [name: default]
2025-05-23 07:46:23.547 [main] INFO  org.hibernate.Version - HHH000412: Hibernate ORM core version 6.6.13.Final
2025-05-23 07:46:23.592 [main] INFO  o.h.c.i.RegionFactoryInitiator - HHH000026: Second-level cache disabled
2025-05-23 07:46:23.863 [main] INFO  o.s.o.j.p.SpringPersistenceUnitInfo - No LoadTimeWeaver setup: ignoring JPA class transformer
2025-05-23 07:46:23.927 [main] INFO  o.hibernate.orm.connections.pooling - HHH10001005: Database info:
	Database JDBC URL [Connecting through datasource 'HikariDataSource (HikariPool-1)']
	Database driver: undefined/unknown
	Database version: 10.5.28
	Autocommit mode: undefined/unknown
	Isolation level: undefined/unknown
	Minimum pool size: undefined/unknown
	Maximum pool size: undefined/unknown
2025-05-23 07:46:24.645 [main] INFO  o.h.e.t.j.p.i.JtaPlatformInitiator - HHH000489: No JTA platform available (set 'hibernate.transaction.jta.platform' to enable JTA platform integration)
2025-05-23 07:46:24.685 [main] INFO  o.s.o.j.LocalContainerEntityManagerFactoryBean - Initialized JPA EntityManagerFactory for persistence unit 'default'
2025-05-23 07:46:25.652 [main] WARN  o.s.b.a.o.j.JpaBaseConfiguration$JpaWebConfiguration - spring.jpa.open-in-view is enabled by default. Therefore, database queries may be performed during view rendering. Explicitly configure spring.jpa.open-in-view to disable this warning
2025-05-23 07:46:27.988 [main] INFO  o.s.c.n.e.c.DiscoveryClientOptionalArgsConfiguration - Eureka HTTP Client uses RestTemplate.
2025-05-23 07:46:28.045 [main] WARN  o.s.c.l.c.LoadBalancerCacheAutoConfiguration$LoadBalancerCaffeineWarnLogger - Spring Cloud LoadBalancer is currently working with the default cache. While this cache implementation is useful for development and tests, it's recommended to use Caffeine cache in production.You can switch to using Caffeine cache, by adding it and org.springframework.cache.caffeine.CaffeineCacheManager to the classpath.
2025-05-23 07:46:28.057 [main] INFO  o.s.b.a.e.web.EndpointLinksResolver - Exposing 1 endpoint beneath base path '/actuator'
2025-05-23 07:46:28.143 [main] INFO  o.s.c.n.eureka.InstanceInfoFactory - Setting initial instance status as: STARTING
2025-05-23 07:46:28.161 [main] INFO  c.netflix.discovery.DiscoveryClient - Initializing Eureka in region us-east-1
2025-05-23 07:46:28.165 [main] INFO  c.n.d.s.r.aws.ConfigClusterResolver - Resolving eureka endpoints via configuration
2025-05-23 07:46:28.171 [main] INFO  c.netflix.discovery.DiscoveryClient - Disable delta property : false
2025-05-23 07:46:28.172 [main] INFO  c.netflix.discovery.DiscoveryClient - Single vip registry refresh property : null
2025-05-23 07:46:28.172 [main] INFO  c.netflix.discovery.DiscoveryClient - Force full registry fetch : false
2025-05-23 07:46:28.172 [main] INFO  c.netflix.discovery.DiscoveryClient - Application is null : false
2025-05-23 07:46:28.172 [main] INFO  c.netflix.discovery.DiscoveryClient - Registered Applications size is zero : true
2025-05-23 07:46:28.172 [main] INFO  c.netflix.discovery.DiscoveryClient - Application version is -1: true
2025-05-23 07:46:28.172 [main] INFO  c.netflix.discovery.DiscoveryClient - Getting all instance registry info from the eureka server
2025-05-23 07:46:28.447 [main] INFO  c.netflix.discovery.DiscoveryClient - The response status is 200
2025-05-23 07:46:28.448 [main] INFO  c.netflix.discovery.DiscoveryClient - Starting heartbeat executor: renew interval is: 30
2025-05-23 07:46:28.450 [main] INFO  c.n.discovery.InstanceInfoReplicator - InstanceInfoReplicator onDemand update allowed rate per min is 4
2025-05-23 07:46:28.451 [main] INFO  c.netflix.discovery.DiscoveryClient - Discovery Client initialized at timestamp 1747997188451 with initial instances count: 0
2025-05-23 07:46:28.457 [main] INFO  o.s.c.n.e.s.EurekaServiceRegistry - Registering application SERVICIO-EMPLEADO with eureka with status UP
2025-05-23 07:46:28.458 [main] INFO  c.netflix.discovery.DiscoveryClient - Saw local status change event StatusChangeEvent [timestamp=1747997188458, current=UP, previous=STARTING]
2025-05-23 07:46:28.459 [DiscoveryClient-InstanceInfoReplicator-%d] INFO  c.netflix.discovery.DiscoveryClient - DiscoveryClient_SERVICIO-EMPLEADO/servicio-empleado:0315b0e4a7997b581bc4595b98c693f4: registering service...
2025-05-23 07:46:28.474 [main] INFO  a.o.h.s.ServicioEmpleadoApplicationTests - Started ServicioEmpleadoApplicationTests in 9.172 seconds (process running for 10.272)
2025-05-23 07:46:28.501 [DiscoveryClient-InstanceInfoReplicator-%d] INFO  c.netflix.discovery.DiscoveryClient - DiscoveryClient_SERVICIO-EMPLEADO/servicio-empleado:0315b0e4a7997b581bc4595b98c693f4 - registration status: 204
2025-05-23 07:46:28.933 [SpringApplicationShutdownHook] INFO  o.s.c.n.e.s.EurekaServiceRegistry - Unregistering application SERVICIO-EMPLEADO with eureka with status DOWN
2025-05-23 07:46:28.933 [SpringApplicationShutdownHook] INFO  c.netflix.discovery.DiscoveryClient - Saw local status change event StatusChangeEvent [timestamp=1747997188933, current=DOWN, previous=UP]
2025-05-23 07:46:28.933 [DiscoveryClient-InstanceInfoReplicator-%d] INFO  c.netflix.discovery.DiscoveryClient - DiscoveryClient_SERVICIO-EMPLEADO/servicio-empleado:0315b0e4a7997b581bc4595b98c693f4: registering service...
2025-05-23 07:46:28.940 [DiscoveryClient-InstanceInfoReplicator-%d] INFO  c.netflix.discovery.DiscoveryClient - DiscoveryClient_SERVICIO-EMPLEADO/servicio-empleado:0315b0e4a7997b581bc4595b98c693f4 - registration status: 204
2025-05-23 07:46:28.940 [SpringApplicationShutdownHook] INFO  o.s.o.j.LocalContainerEntityManagerFactoryBean - Closing JPA EntityManagerFactory for persistence unit 'default'
2025-05-23 07:46:28.942 [SpringApplicationShutdownHook] INFO  com.zaxxer.hikari.HikariDataSource - HikariPool-1 - Shutdown initiated...
2025-05-23 07:46:28.945 [SpringApplicationShutdownHook] INFO  com.zaxxer.hikari.HikariDataSource - HikariPool-1 - Shutdown completed.
2025-05-23 07:46:28.946 [SpringApplicationShutdownHook] INFO  c.netflix.discovery.DiscoveryClient - Shutting down DiscoveryClient ...
2025-05-23 07:46:31.955 [SpringApplicationShutdownHook] INFO  c.netflix.discovery.DiscoveryClient - Unregistering ...
2025-05-23 07:46:31.961 [SpringApplicationShutdownHook] INFO  c.netflix.discovery.DiscoveryClient - DiscoveryClient_SERVICIO-EMPLEADO/servicio-empleado:0315b0e4a7997b581bc4595b98c693f4 - deregister  status: 200
2025-05-23 07:46:31.962 [SpringApplicationShutdownHook] INFO  c.netflix.discovery.DiscoveryClient - Completed shut down of DiscoveryClient
2025-05-23 09:19:56.059 [main] INFO  a.o.h.s.ServicioEmpleadoApplicationTests - Starting ServicioEmpleadoApplicationTests using Java 17.0.2 with PID 67452 (started by msami in D:\Proyectos\HospitalCuencaAlta\Final\repositorio\rrhh\servicio-empleado)
2025-05-23 09:19:56.061 [main] INFO  a.o.h.s.ServicioEmpleadoApplicationTests - No active profile set, falling back to 1 default profile: "default"
2025-05-23 09:19:57.030 [main] INFO  o.s.d.r.c.RepositoryConfigurationDelegate - Bootstrapping Spring Data JPA repositories in DEFAULT mode.
2025-05-23 09:19:57.170 [main] INFO  o.s.d.r.c.RepositoryConfigurationDelegate - Finished Spring Data repository scanning in 132 ms. Found 3 JPA repository interfaces.
2025-05-23 09:19:57.427 [main] INFO  o.s.cloud.context.scope.GenericScope - BeanFactory id=76314778-500d-363b-b9f3-ed3232c71428
2025-05-23 09:19:58.099 [main] INFO  com.zaxxer.hikari.HikariDataSource - HikariPool-1 - Starting...
2025-05-23 09:19:58.266 [main] INFO  com.zaxxer.hikari.pool.HikariPool - HikariPool-1 - Added connection org.mariadb.jdbc.Connection@77ea960f
2025-05-23 09:19:58.270 [main] INFO  com.zaxxer.hikari.HikariDataSource - HikariPool-1 - Start completed.
2025-05-23 09:19:58.892 [main] INFO  liquibase.changelog - Reading from empleado.databasechangelog
2025-05-23 09:19:58.982 [main] INFO  liquibase.ui - Database is up to date, no changesets to execute
2025-05-23 09:19:58.985 [main] INFO  liquibase.changelog - Reading from empleado.databasechangelog
2025-05-23 09:19:59.001 [main] INFO  liquibase.util - UPDATE SUMMARY
2025-05-23 09:19:59.002 [main] INFO  liquibase.util - Run:                          0
2025-05-23 09:19:59.002 [main] INFO  liquibase.util - Previously run:               2
2025-05-23 09:19:59.002 [main] INFO  liquibase.util - Filtered out:                 0
2025-05-23 09:19:59.002 [main] INFO  liquibase.util - -------------------------------
2025-05-23 09:19:59.002 [main] INFO  liquibase.util - Total change sets:            2
2025-05-23 09:19:59.003 [main] INFO  liquibase.util - Update summary generated
2025-05-23 09:19:59.005 [main] INFO  liquibase.command - Command execution complete
2025-05-23 09:19:59.875 [main] INFO  o.h.jpa.internal.util.LogHelper - HHH000204: Processing PersistenceUnitInfo [name: default]
2025-05-23 09:19:59.981 [main] INFO  org.hibernate.Version - HHH000412: Hibernate ORM core version 6.6.13.Final
2025-05-23 09:20:00.024 [main] INFO  o.h.c.i.RegionFactoryInitiator - HHH000026: Second-level cache disabled
2025-05-23 09:20:00.286 [main] INFO  o.s.o.j.p.SpringPersistenceUnitInfo - No LoadTimeWeaver setup: ignoring JPA class transformer
2025-05-23 09:20:00.350 [main] INFO  o.hibernate.orm.connections.pooling - HHH10001005: Database info:
	Database JDBC URL [Connecting through datasource 'HikariDataSource (HikariPool-1)']
	Database driver: undefined/unknown
	Database version: 10.5.28
	Autocommit mode: undefined/unknown
	Isolation level: undefined/unknown
	Minimum pool size: undefined/unknown
	Maximum pool size: undefined/unknown
2025-05-23 09:20:01.057 [main] INFO  o.h.e.t.j.p.i.JtaPlatformInitiator - HHH000489: No JTA platform available (set 'hibernate.transaction.jta.platform' to enable JTA platform integration)
2025-05-23 09:20:01.082 [main] INFO  o.s.o.j.LocalContainerEntityManagerFactoryBean - Initialized JPA EntityManagerFactory for persistence unit 'default'
2025-05-23 09:20:01.937 [main] WARN  o.s.b.a.o.j.JpaBaseConfiguration$JpaWebConfiguration - spring.jpa.open-in-view is enabled by default. Therefore, database queries may be performed during view rendering. Explicitly configure spring.jpa.open-in-view to disable this warning
2025-05-23 09:20:04.415 [main] INFO  o.s.c.n.e.c.DiscoveryClientOptionalArgsConfiguration - Eureka HTTP Client uses RestTemplate.
2025-05-23 09:20:04.488 [main] WARN  o.s.c.l.c.LoadBalancerCacheAutoConfiguration$LoadBalancerCaffeineWarnLogger - Spring Cloud LoadBalancer is currently working with the default cache. While this cache implementation is useful for development and tests, it's recommended to use Caffeine cache in production.You can switch to using Caffeine cache, by adding it and org.springframework.cache.caffeine.CaffeineCacheManager to the classpath.
2025-05-23 09:20:04.501 [main] INFO  o.s.b.a.e.web.EndpointLinksResolver - Exposing 1 endpoint beneath base path '/actuator'
2025-05-23 09:20:04.592 [main] INFO  o.s.c.n.eureka.InstanceInfoFactory - Setting initial instance status as: STARTING
2025-05-23 09:20:04.618 [main] INFO  c.netflix.discovery.DiscoveryClient - Initializing Eureka in region us-east-1
2025-05-23 09:20:04.623 [main] INFO  c.n.d.s.r.aws.ConfigClusterResolver - Resolving eureka endpoints via configuration
2025-05-23 09:20:04.632 [main] INFO  c.netflix.discovery.DiscoveryClient - Disable delta property : false
2025-05-23 09:20:04.632 [main] INFO  c.netflix.discovery.DiscoveryClient - Single vip registry refresh property : null
2025-05-23 09:20:04.632 [main] INFO  c.netflix.discovery.DiscoveryClient - Force full registry fetch : false
2025-05-23 09:20:04.632 [main] INFO  c.netflix.discovery.DiscoveryClient - Application is null : false
2025-05-23 09:20:04.632 [main] INFO  c.netflix.discovery.DiscoveryClient - Registered Applications size is zero : true
2025-05-23 09:20:04.632 [main] INFO  c.netflix.discovery.DiscoveryClient - Application version is -1: true
2025-05-23 09:20:04.632 [main] INFO  c.netflix.discovery.DiscoveryClient - Getting all instance registry info from the eureka server
2025-05-23 09:20:04.916 [main] INFO  c.netflix.discovery.DiscoveryClient - The response status is 200
2025-05-23 09:20:04.917 [main] INFO  c.netflix.discovery.DiscoveryClient - Starting heartbeat executor: renew interval is: 30
2025-05-23 09:20:04.919 [main] INFO  c.n.discovery.InstanceInfoReplicator - InstanceInfoReplicator onDemand update allowed rate per min is 4
2025-05-23 09:20:04.920 [main] INFO  c.netflix.discovery.DiscoveryClient - Discovery Client initialized at timestamp 1748002804920 with initial instances count: 0
2025-05-23 09:20:04.924 [main] INFO  o.s.c.n.e.s.EurekaServiceRegistry - Registering application SERVICIO-EMPLEADO with eureka with status UP
2025-05-23 09:20:04.925 [main] INFO  c.netflix.discovery.DiscoveryClient - Saw local status change event StatusChangeEvent [timestamp=1748002804925, current=UP, previous=STARTING]
2025-05-23 09:20:04.925 [DiscoveryClient-InstanceInfoReplicator-%d] INFO  c.netflix.discovery.DiscoveryClient - DiscoveryClient_SERVICIO-EMPLEADO/servicio-empleado:d140bf970d655619daccba6d7489c022: registering service...
2025-05-23 09:20:04.939 [main] INFO  a.o.h.s.ServicioEmpleadoApplicationTests - Started ServicioEmpleadoApplicationTests in 9.336 seconds (process running for 10.332)
2025-05-23 09:20:04.966 [DiscoveryClient-InstanceInfoReplicator-%d] INFO  c.netflix.discovery.DiscoveryClient - DiscoveryClient_SERVICIO-EMPLEADO/servicio-empleado:d140bf970d655619daccba6d7489c022 - registration status: 204
2025-05-23 09:20:05.493 [SpringApplicationShutdownHook] INFO  o.s.c.n.e.s.EurekaServiceRegistry - Unregistering application SERVICIO-EMPLEADO with eureka with status DOWN
2025-05-23 09:20:05.493 [SpringApplicationShutdownHook] INFO  c.netflix.discovery.DiscoveryClient - Saw local status change event StatusChangeEvent [timestamp=1748002805493, current=DOWN, previous=UP]
2025-05-23 09:20:05.494 [DiscoveryClient-InstanceInfoReplicator-%d] INFO  c.netflix.discovery.DiscoveryClient - DiscoveryClient_SERVICIO-EMPLEADO/servicio-empleado:d140bf970d655619daccba6d7489c022: registering service...
2025-05-23 09:20:05.499 [DiscoveryClient-InstanceInfoReplicator-%d] INFO  c.netflix.discovery.DiscoveryClient - DiscoveryClient_SERVICIO-EMPLEADO/servicio-empleado:d140bf970d655619daccba6d7489c022 - registration status: 204
2025-05-23 09:20:05.500 [SpringApplicationShutdownHook] INFO  o.s.o.j.LocalContainerEntityManagerFactoryBean - Closing JPA EntityManagerFactory for persistence unit 'default'
2025-05-23 09:20:05.502 [SpringApplicationShutdownHook] INFO  com.zaxxer.hikari.HikariDataSource - HikariPool-1 - Shutdown initiated...
2025-05-23 09:20:05.505 [SpringApplicationShutdownHook] INFO  com.zaxxer.hikari.HikariDataSource - HikariPool-1 - Shutdown completed.
2025-05-23 09:20:05.506 [SpringApplicationShutdownHook] INFO  c.netflix.discovery.DiscoveryClient - Shutting down DiscoveryClient ...
2025-05-23 09:20:08.514 [SpringApplicationShutdownHook] INFO  c.netflix.discovery.DiscoveryClient - Unregistering ...
2025-05-23 09:20:08.521 [SpringApplicationShutdownHook] INFO  c.netflix.discovery.DiscoveryClient - DiscoveryClient_SERVICIO-EMPLEADO/servicio-empleado:d140bf970d655619daccba6d7489c022 - deregister  status: 200
2025-05-23 09:20:08.522 [SpringApplicationShutdownHook] INFO  c.netflix.discovery.DiscoveryClient - Completed shut down of DiscoveryClient
